Only in compiled/app: application.ini
Only in ccompiled/app/branding: songbird
Only in compiled/app: content
Only in compiled/app: nightingale.ini
Only in compiled/app: profile
Only in compiled/app: skin
Only in compiled: build
Only in compiled/components/dataremote/src: jar.mn
Only in compiled/components/devices: content
Only in compiled/components/intl/src: content
Only in compiled/components/library/localdatabase: content
Only in compiled/components/library/localdatabase: perf
Only in compiled/components/mediacore/gstreamer: content
Only in compiled/components/mediacore/gstreamer: encode-profiles
Only in compiled/components/mediacore/gstreamer: stub
Only in compiled/components/mediacore/metadata/handler: wma
Only in compiled/components/mediacore/playback/history: content
Only in compiled/components/mediaexport: agent
Only in compiled/components/mediaimport/library: itunes
Only in compiled/components/mediapages: public
Only in compiled/components/moz: system
Only in compiled/components/property/src: sbProperties.jsm
Only in compiled/components/search: public
Only in compiled/components/servicepane: public
Files compiled/dist/application.ini and ccompiled/dist/application.ini differ
Only in compiled/dist/chrome: browser.jar
Only in compiled/dist/chrome: browser-locale.jar
Only in compiled/dist/chrome: browser-locale.manifest
Only in compiled/dist/chrome: browser.manifest
Only in compiled/dist/chrome: icons
Files compiled/dist/chrome/songbird.jar and ccompiled/dist/chrome/songbird.jar differ
Files compiled/dist/chrome/songbird.manifest and ccompiled/dist/chrome/songbird.manifest differ
Only in compiled/dist/components: fuelApplication.js
Only in compiled/dist/components: gst_libs.txt
Only in compiled/dist/components: nsBrowserGlue.js
Only in compiled/dist/components: nsSidebar.js
Only in ccompiled/dist/components: sbMediaItemControllerTest.js
Only in ccompiled/dist/components: sbTestDisplayPaneProvider.js
Only in ccompiled/dist/components: sbTestHarness.js
Files compiled/dist/defaults/preferences/songbird-prefs.js and ccompiled/dist/defaults/preferences/songbird-prefs.js differ
Files compiled/dist/defaults/preferences/songbird-zzz-branding.js and ccompiled/dist/defaults/preferences/songbird-zzz-branding.js differ
Only in compiled/dist/defaults: profile
Only in compiled/dist: extensions
Only in compiled/dist: gst-plugins
Only in compiled/dist: gstreamer
Only in compiled/dist: lib
Only in compiled/dist: nightingale
Only in compiled/dist: nightingale-bin
Only in compiled/dist: plugins
Only in compiled/dist: scripts
Only in compiled/dist: searchplugins
Only in compiled/dist: xulrunner
Only in compiled: documentation
Only in compiled: extensions
Only in compiled/feathers/coppery/chrome: content
Only in ccompiled/feathers/coppery/chrome: coppery
Only in compiled/feathers/gonzo: chrome
Only in ccompiled/feathers/gonzo: gonzo
Only in compiled/feathers/purplerain/chrome: content
Only in ccompiled/feathers/purplerain/chrome: purplerain
Only in compiled: installer
Only in compiled/locales: branding
Only in compiled/locales: en-US
Only in ccompiled/locales: locales
Only in compiled: tools
Only in compiled: update
Only in compiled: xpi-stage
